\BOOKMARK [0][-]{chapter.1}{\376\377\000D\000M\000X\000-\0005\0001\0002\000\040\000C\000o\000n\000t\000r\000o\000l\000l\000e\000r\000\040\000R\000e\000c\000e\000i\000v\000e\000r}{}% 1
\BOOKMARK [0][-]{chapter.2}{\376\377\000D\000M\000X\0005\0001\0002}{}% 2
\BOOKMARK [0][-]{chapter.3}{\376\377\000F\000i\000l\000e\000\040\000I\000n\000d\000e\000x}{}% 3
\BOOKMARK [1][-]{section.3.1}{\376\377\000F\000i\000l\000e\000\040\000L\000i\000s\000t}{chapter.3}% 4
\BOOKMARK [0][-]{chapter.4}{\376\377\000F\000i\000l\000e\000\040\000D\000o\000c\000u\000m\000e\000n\000t\000a\000t\000i\000o\000n}{}% 5
\BOOKMARK [1][-]{section.4.1}{\376\377\000p\000w\000m\000t\000e\000s\000t\000.\000c\000\040\000F\000i\000l\000e\000\040\000R\000e\000f\000e\000r\000e\000n\000c\000e}{chapter.4}% 6
\BOOKMARK [2][-]{subsection.4.1.1}{\376\377\000M\000a\000c\000r\000o\000\040\000D\000e\000f\000i\000n\000i\000t\000i\000o\000n\000\040\000D\000o\000c\000u\000m\000e\000n\000t\000a\000t\000i\000o\000n}{section.4.1}% 7
\BOOKMARK [3][-]{subsubsection.4.1.1.1}{\376\377\000P\000W\000M\000\137\000F\000R\000E\000Q\000U\000E\000N\000C\000Y}{subsection.4.1.1}% 8
\BOOKMARK [2][-]{subsection.4.1.2}{\376\377\000F\000u\000n\000c\000t\000i\000o\000n\000\040\000D\000o\000c\000u\000m\000e\000n\000t\000a\000t\000i\000o\000n}{section.4.1}% 9
\BOOKMARK [3][-]{subsubsection.4.1.2.1}{\376\377\000m\000a\000e\000i\000n\000\050\000\051}{subsection.4.1.2}% 10
\BOOKMARK [1][-]{section.4.2}{\376\377\000p\000w\000m\000t\000e\000s\000t\000.\000c}{chapter.4}% 11
\BOOKMARK [1][-]{section.4.3}{\376\377\000R\000E\000A\000D\000M\000E\000.\000m\000d\000\040\000F\000i\000l\000e\000\040\000R\000e\000f\000e\000r\000e\000n\000c\000e}{chapter.4}% 12
\BOOKMARK [1][-]{section.4.4}{\376\377\000s\000a\000t\000e\000j\000\137\000m\000a\000t\000t\000h\000e\000w\000.\000c\000\040\000F\000i\000l\000e\000\040\000R\000e\000f\000e\000r\000e\000n\000c\000e}{chapter.4}% 13
\BOOKMARK [2][-]{subsection.4.4.1}{\376\377\000D\000e\000t\000a\000i\000l\000e\000d\000\040\000D\000e\000s\000c\000r\000i\000p\000t\000i\000o\000n}{section.4.4}% 14
\BOOKMARK [2][-]{subsection.4.4.2}{\376\377\000M\000a\000c\000r\000o\000\040\000D\000e\000f\000i\000n\000i\000t\000i\000o\000n\000\040\000D\000o\000c\000u\000m\000e\000n\000t\000a\000t\000i\000o\000n}{section.4.4}% 15
\BOOKMARK [3][-]{subsubsection.4.4.2.1}{\376\377\000B\000L\000U\000E\000\137\000L\000E\000D}{subsection.4.4.2}% 16
\BOOKMARK [3][-]{subsubsection.4.4.2.2}{\376\377\000B\000L\000U\000E\000\137\000L\000E\000D\000\137\000M\000A\000S\000K}{subsection.4.4.2}% 17
\BOOKMARK [3][-]{subsubsection.4.4.2.3}{\376\377\000d\000e\000l\000a\000y\0001\000C\000y\000c\000l\000e}{subsection.4.4.2}% 18
\BOOKMARK [3][-]{subsubsection.4.4.2.4}{\376\377\000d\000e\000l\000a\000y\0004\000C\000y\000c\000l\000e\000s}{subsection.4.4.2}% 19
\BOOKMARK [3][-]{subsubsection.4.4.2.5}{\376\377\000d\000e\000l\000a\000y\0006\000C\000y\000c\000l\000e\000s}{subsection.4.4.2}% 20
\BOOKMARK [3][-]{subsubsection.4.4.2.6}{\376\377\000G\000R\000E\000E\000N\000\137\000L\000E\000D}{subsection.4.4.2}% 21
\BOOKMARK [3][-]{subsubsection.4.4.2.7}{\376\377\000G\000R\000E\000E\000N\000\137\000L\000E\000D\000\137\000M\000A\000S\000K}{subsection.4.4.2}% 22
\BOOKMARK [3][-]{subsubsection.4.4.2.8}{\376\377\000P\000U\000S\000H\000\137\000B\000U\000T\000T\000O\000N}{subsection.4.4.2}% 23
\BOOKMARK [3][-]{subsubsection.4.4.2.9}{\376\377\000P\000U\000S\000H\000\137\000B\000U\000T\000T\000O\000N\0002}{subsection.4.4.2}% 24
\BOOKMARK [3][-]{subsubsection.4.4.2.10}{\376\377\000P\000U\000S\000H\000\137\000B\000U\000T\000T\000O\000N\0002\000\137\000M\000A\000S\000K}{subsection.4.4.2}% 25
\BOOKMARK [3][-]{subsubsection.4.4.2.11}{\376\377\000P\000U\000S\000H\000\137\000B\000U\000T\000T\000O\000N\000\137\000M\000A\000S\000K}{subsection.4.4.2}% 26
\BOOKMARK [3][-]{subsubsection.4.4.2.12}{\376\377\000R\000E\000D\000\137\000L\000E\000D}{subsection.4.4.2}% 27
